Performing C SOURCE FILE Test CMAKE_HAVE_LIBC_PTHREAD failed with the following output:
Change Dir: /home/dmitry/NSU/3rd course/operation systems/lab5/cmake-build-debug/CMakeFiles/CMakeTmp

Run Build Command(s):/snap/clion/204/bin/ninja/linux/ninja cmTC_d944e && [1/2] Building C object CMakeFiles/cmTC_d944e.dir/src.c.o
[2/2] Linking C executable cmTC_d944e
FAILED: cmTC_d944e 
: && /usr/bin/cc   CMakeFiles/cmTC_d944e.dir/src.c.o -o cmTC_d944e   && :
/usr/bin/ld: CMakeFiles/cmTC_d944e.dir/src.c.o: в функции «main»:
src.c:(.text+0x46): неопределённая ссылка на «pthread_create»
/usr/bin/ld: src.c:(.text+0x52): неопределённая ссылка на «pthread_detach»
/usr/bin/ld: src.c:(.text+0x5e): неопределённая ссылка на «pthread_cancel»
/usr/bin/ld: src.c:(.text+0x6f): неопределённая ссылка на «pthread_join»
collect2: error: ld returned 1 exit status
ninja: build stopped: subcommand failed.


Source file was:
#include <pthread.h>

static void* test_func(void* data)
{
  return data;
}

int main(void)
{
  pthread_t thread;
  pthread_create(&thread, NULL, test_func, NULL);
  pthread_detach(thread);
  pthread_cancel(thread);
  pthread_join(thread, NULL);
  pthread_atfork(NULL, NULL, NULL);
  pthread_exit(NULL);

  return 0;
}

Determining if the function pthread_create exists in the pthreads failed with the following output:
Change Dir: /home/dmitry/NSU/3rd course/operation systems/lab5/cmake-build-debug/CMakeFiles/CMakeTmp

Run Build Command(s):/snap/clion/204/bin/ninja/linux/ninja cmTC_61601 && [1/2] Building C object CMakeFiles/cmTC_61601.dir/CheckFunctionExists.c.o
[2/2] Linking C executable cmTC_61601
FAILED: cmTC_61601 
: && /usr/bin/cc -DCHECK_FUNCTION_EXISTS=pthread_create  CMakeFiles/cmTC_61601.dir/CheckFunctionExists.c.o -o cmTC_61601  -lpthreads && :
/usr/bin/ld: невозможно найти -lpthreads
collect2: error: ld returned 1 exit status
ninja: build stopped: subcommand failed.



